//-------------------------- 12/23/2012 -- 14:06:18 -----
Processor Init:
   Intel Pentium III Xeon, ~3.31 Ghz
   FPU detected
   MMX detected
   SSE detected
   SSE2 detected
   MP detected [4 cores, 4 logical, 1 physical]
 
Math Init:
   Installing Standard C extensions
   Installing Assembly extensions
   Installing FPU extensions
   Installing MMX extensions
   Installing SSE extensions
 
Initializing platform...
Input Init:
   keyboard0 input device created.
   mouse0 input device created.
   DirectInput enabled.

Done
SFXALProvider - OpenAL not available.
GFX Init:
   Direct 3D (version 9.x) device found
   Direct 3D (version 9.x) device found
   Null device found

DebugDrawer Enabled!
-------------------------------->Loading Directory 'tools;scripts;art;levels'---------------------------
----------->Executing file 'levels/main.cs'
----------->Executing file 'art/main.cs'
----------->Executing file 'scripts/main.cs'
----------->Executing file 'tools/main.cs'
Missing file: tools/main.cs!
Error: Unable to find specified directory: tools
--------- Parsing Arguments ---------

<input> (0): Cannot re-declare object [DefaultCursor].
<input> (0): Cannot re-declare object [DefaultCursor].
<input> (0): Cannot re-declare object [DefaultCursor].
Binding server port to default IP
UDP initialized on port 0
Attempting to create GFX device: NVIDIA GeForce GTX 550 Ti (D3D9)
Device created, setting adapter and enumerating modes
   Cur. D3DDevice ref count=1
   Pix version detected: 3.000000
   Vert version detected: 3.000000
   Maximum number of simultaneous samplers: 16
   Number of simultaneous render targets: 4
   Hardware occlusion query detected: Yes
   Using Direct3D9Ex: No
Initializing GFXCardProfiler (D3D9)
   o Chipset : ''
   o Card    : ''
   o Version : ''
   - Scanning card capabilities...
GFXCardProfiler (D3D9) - Setting capability 'autoMipMapLevel' to 1.
GFXCardProfiler (D3D9) - Setting capability 'maxTextureWidth' to 8192.
GFXCardProfiler (D3D9) - Setting capability 'maxTextureHeight' to 8192.
GFXCardProfiler (D3D9) - Setting capability 'maxTextureSize' to 8192.
GFXCardProfiler (D3D9) - Setting capability 'lerpDetailBlend' to 1.
GFXCardProfiler (D3D9) - Setting capability 'fourStageDetailBlend' to 1.
   - Loading card profiles...
      - Loaded card profile core/profile/D3D9.cs
      - No card profile core/profile/D3D9..cs exists
      - No card profile core/profile/D3D9...cs exists
      - No card profile core/profile/D3D9....cs exists
core/art/gui/FrameOverlayGui.gui (0): Cannot re-declare object [FrameOverlayGui].
core/art/gui/FrameOverlayGui.gui (0): Cannot re-declare object [FrameOverlayGui].
core/art/gui/FrameOverlayGui.gui (0): Cannot re-declare object [FrameOverlayGui].
<input> (0): Cannot re-declare object [SamplerClampLinear].
<input> (0): Cannot re-declare object [SamplerClampPoint].
<input> (0): Cannot re-declare object [SamplerWrapLinear].
<input> (0): Cannot re-declare object [SamplerWrapPoint].
<input> (0): Cannot re-declare object [SamplerClampLinear].
<input> (0): Cannot re-declare object [SamplerClampPoint].
<input> (0): Cannot re-declare object [SamplerWrapLinear].
<input> (0): Cannot re-declare object [SamplerWrapPoint].
<input> (0): Cannot re-declare object [SamplerClampLinear].
<input> (0): Cannot re-declare object [SamplerClampPoint].
<input> (0): Cannot re-declare object [SamplerWrapLinear].
<input> (0): Cannot re-declare object [SamplerWrapPoint].
<input> (0): Cannot re-declare object [ReflectBump].
<input> (0): Cannot re-declare object [reflect].
<input> (0): Cannot re-declare object [fxFoliageReplicatorShader].
<input> (0): Cannot re-declare object [ReflectBump].
<input> (0): Cannot re-declare object [reflect].
<input> (0): Cannot re-declare object [fxFoliageReplicatorShader].
<input> (0): Cannot re-declare object [ReflectBump].
<input> (0): Cannot re-declare object [reflect].
<input> (0): Cannot re-declare object [fxFoliageReplicatorShader].
<input> (0): Cannot re-declare object [WaterSampler].
<input> (0): Cannot re-declare object [WaterSampler].
<input> (0): Cannot re-declare object [WaterSampler].
<input> (0): Cannot re-declare object [ScatterSkySBData].
<input> (0): Cannot re-declare object [ScatterSkySBData].
<input> (0): Cannot re-declare object [ScatterSkySBData].
 % - Initialized Core

--------- Initializing Directory: scripts ---------
sfxStartup...
SFXSystem::createDevice - created DirectSound device 'Speakers (USB Sound Device        )'
SFXDSDevice::setDistanceModel - 'linear' distance attenuation not supported by DirectSound
   Provider: DirectSound
   Device: Speakers (USB Sound Device        )
   Hardware: No
   Buffers: 16

----------------Initializing FPS Example: Server Scripts -------------------

--------- Initializing FPS Example: Client Scripts ---------
Missing file: core/art/gui/customProfiles.cs!
<input> (0): Cannot re-declare object [AL_VectorLightState].
<input> (0): Cannot re-declare object [AL_VectorLightShader].
<input> (0): Cannot re-declare object [AL_VectorLightMaterial].
<input> (0): Cannot re-declare object [AL_ConvexLightState].
<input> (0): Cannot re-declare object [AL_PointLightShader].
<input> (0): Cannot re-declare object [AL_PointLightMaterial].
<input> (0): Cannot re-declare object [AL_SpotLightShader].
<input> (0): Cannot re-declare object [AL_SpotLightMaterial].
<input> (0): Cannot re-declare object [AL_DefaultPrePassMaterial].
<input> (0): Cannot re-declare object [AL_DefaultShadowMaterial].
<input> (0): Cannot re-declare object [AL_ParticlePointLightShader].
<input> (0): Cannot re-declare object [AL_ParticlePointLightMaterial].
<input> (0): Cannot re-declare object [AL_VectorLightState].
<input> (0): Cannot re-declare object [AL_VectorLightShader].
<input> (0): Cannot re-declare object [AL_VectorLightMaterial].
<input> (0): Cannot re-declare object [AL_ConvexLightState].
<input> (0): Cannot re-declare object [AL_PointLightShader].
<input> (0): Cannot re-declare object [AL_PointLightMaterial].
<input> (0): Cannot re-declare object [AL_SpotLightShader].
<input> (0): Cannot re-declare object [AL_SpotLightMaterial].
<input> (0): Cannot re-declare object [AL_DefaultPrePassMaterial].
<input> (0): Cannot re-declare object [AL_DefaultShadowMaterial].
<input> (0): Cannot re-declare object [AL_ParticlePointLightShader].
<input> (0): Cannot re-declare object [AL_ParticlePointLightMaterial].
<input> (0): Cannot re-declare object [AL_VectorLightState].
<input> (0): Cannot re-declare object [AL_VectorLightShader].
<input> (0): Cannot re-declare object [AL_VectorLightMaterial].
<input> (0): Cannot re-declare object [AL_ConvexLightState].
<input> (0): Cannot re-declare object [AL_PointLightShader].
<input> (0): Cannot re-declare object [AL_PointLightMaterial].
<input> (0): Cannot re-declare object [AL_SpotLightShader].
<input> (0): Cannot re-declare object [AL_SpotLightMaterial].
<input> (0): Cannot re-declare object [AL_DefaultPrePassMaterial].
<input> (0): Cannot re-declare object [AL_DefaultShadowMaterial].
<input> (0): Cannot re-declare object [AL_ParticlePointLightShader].
<input> (0): Cannot re-declare object [AL_ParticlePointLightMaterial].
<input> (0): Cannot re-declare object [AL_DepthVisualizeState].
<input> (0): Cannot re-declare object [AL_DefaultVisualizeState].
<input> (0): Cannot re-declare object [AL_DepthVisualizeShader].
<input> (0): Cannot re-declare object [AL_DepthVisualizeState].
<input> (0): Cannot re-declare object [AL_DefaultVisualizeState].
<input> (0): Cannot re-declare object [AL_DepthVisualizeShader].
<input> (0): Cannot re-declare object [AL_DepthVisualizeState].
<input> (0): Cannot re-declare object [AL_DefaultVisualizeState].
<input> (0): Cannot re-declare object [AL_DepthVisualizeShader].
<input> (0): Cannot re-declare object [AL_NormalsVisualizeShader].
<input> (0): Cannot re-declare object [AL_NormalsVisualizeShader].
<input> (0): Cannot re-declare object [AL_NormalsVisualizeShader].
<input> (0): Cannot re-declare object [AL_LightColorVisualizeShader].
<input> (0): Cannot re-declare object [AL_LightColorVisualizeShader].
<input> (0): Cannot re-declare object [AL_LightColorVisualizeShader].
<input> (0): Cannot re-declare object [AL_LightSpecularVisualizeShader].
<input> (0): Cannot re-declare object [AL_LightSpecularVisualizeShader].
<input> (0): Cannot re-declare object [AL_LightSpecularVisualizeShader].
<input> (0): Cannot re-declare object [AL_ShadowVisualizeShader].
<input> (0): Cannot re-declare object [AL_ShadowVisualizeMaterial].
<input> (0): Cannot re-declare object [AL_ShadowVisualizeShader].
<input> (0): Cannot re-declare object [AL_ShadowVisualizeMaterial].
<input> (0): Cannot re-declare object [AL_ShadowVisualizeShader].
<input> (0): Cannot re-declare object [AL_ShadowVisualizeMaterial].
<input> (0): Cannot re-declare object [AL_ShadowVizOverlayCtrl].
<input> (0): Cannot re-declare object [AL_ShadowVizOverlayCtrl].
<input> (0): Cannot re-declare object [AL_ShadowVizOverlayCtrl].
<input> (0): Cannot re-declare object [BlurDepthShader].
<input> (0): Cannot re-declare object [BlurDepthShader].
<input> (0): Cannot re-declare object [BlurDepthShader].
Using Advanced Lighting


--------------
Attempting to set resolution to "800 600 false 32 60 4"
Accept Mode: 
--Resolution    : 800 600
--Full Screen   : No
--Bits Per Pixel: 32.000
--Refresh Rate  : 60
--FSAA Level    : 4
---------------------------
GFXPCD3D9Device::reset - depthstencil 97be40 has 2 ref's
--- Resetting D3D Device ---
GFXPCD3D9Device::reset - depthstencil 97bd00 has 2 ref's
--- Resetting D3D Device ---
<input> (0): Cannot re-declare object [HudMessageVector].
<input> (0): Cannot re-declare object [HudMessageVector].
<input> (0): Cannot re-declare object [HudMessageVector].
Missing file: scripts/gui/startupGui.cs!
Binding server port to default IP
UDP initialized on port 0
*** ENDING MISSION
Exporting server prefs...
art/datablocks/managedDatablocks.cs (0): Unable to find parent object ScatterskyFlareExample for LightFlareData.
*** ENDING MISSION
*** LOADING MISSION: levels/shapepreview.mis
*** Stage 1 load
*** Stage 2 load CSHARP
*** Mission loaded
Connect request from:
Connection established 2280
CADD: 2281 local
*** Sending mission load to client: levels/shapepreview.mis
Engine initialized...
Window focus status changed: focus: 1
Mapping string: ServerMessage to index: 0
Mapping string: MsgConnectionError to index: 1
Mapping string: MsgLoadInfo to index: 2
Load info Recieved map Blank Room
AntiAliasing has been disabled; it is not compatible with AdvancedLighting.
Mapping string: MsgLoadDescripition to index: 3
Line recieved A blank room ready to be populated with Torque objects.

Guns, anyone?
Mapping string: MsgLoadInfoDone to index: 4
Mapping string: MissionStartPhase1 to index: 5
*** New Mission: levels/shapepreview.mis
*** Phase 1: Download Datablocks & Targets
------------>onMissionDownloadPhase1('levels/shapepreview.mis', 'lush')
------------>MissionStartPhase1Ack
Mapping string: MissionStartPhase1Ack to index: 0
Transmitting Datablocks
Mapping string: MissionStartPhase2 to index: 6
*** Phase 2: Download Ghost Objects
Mapping string: MissionStartPhase2Ack to index: 1
[Material::mapMaterial] - Cannot map unnamed Material
Ghost Always objects received.
Mapping string: MissionStartPhase3 to index: 7
Client Replication Startup has Happened!
fxFoliageReplicator - replicated client foliage for 0 objects
Failed to create resource: [levels/shapepreview.mis.decals]
*** Phase 3: Mission Lighting
Mission lighting done
Mapping string: MissionStartPhase3Ack to index: 2
GameBase::setDatablockProperty - Could not find data block "DefaultPlayerData"
ShapeBase::onAdd - no datablock on shape 2290:Player ((null))
<input> (0): Register object failed for object (null) of class Player.
No spawnsphere
Mapping string: MissionStart to index: 8
Mapping string: SyncClock to index: 9
Mapping string: RefreshWeaponHud to index: 10
------------------------------------>WARNING Cannot Find object 'WeaponHUD'.setVisible.
Mapping string: MsgClientJoin to index: 11
Mapping string: Current Players: 1 to index: 12
Mapping string: Welcome to the Torque demo app %1. to index: 13
Mapping string: Visitor to index: 14
*** Initial Control Object
Activating DirectInput...
*** Control Object Changed
<input> (0): Unable to find object: 'theEmitter' attempting to call function 'reset'
Window focus status changed: focus: 0
  Using background sleep time: 200
DirectInput deactivated.
Value 0 = 0.000000
Activating DirectInput...
Window focus status changed: focus: 1
CDROP: 2281 
Exporting server prefs...
Exporting client prefs
Exporting server prefs
BanList::export - wrong number of arguments.
usage: Dump the banlist to a file.

@param filename Path of the file to write the list to.

@tsexample
exportBanList::Export("./server/banlist.cs");
@endtsexample


Cur. D3DDevice ref count=1
