//-------------------------- 11/27/2012 -- 00:26:07 -----
Warning: forcing the Torque profiler thread to run only on cpu 1.
Processor Init:
   Intel Pentium III Xeon, ~3.31 Ghz
   FPU detected
   MMX detected
   SSE detected
   SSE2 detected
   MP detected [4 cores, 4 logical, 1 physical]
 
Math Init:
   Installing Standard C extensions
   Installing Assembly extensions
   Installing FPU extensions
   Installing MMX extensions
   Installing SSE extensions
 
Initializing platform...
Input Init:
   keyboard0 input device created.
   mouse0 input device created.
   DirectInput enabled.

Done
SFXALProvider - OpenAL not available.
GFX Init:
   Direct 3D (version 9.x) device found
   Direct 3D (version 9.x) device found
   Null device found

DebugDrawer Enabled!
-------------------------------->Loading Directory 'tools;scripts;art;levels'---------------------------
----------->Executing file 'levels/main.cs'
Executing levels/main.cs.
----------->Executing file 'art/main.cs'
Executing art/main.cs.
----------->Executing file 'scripts/main.cs'
Executing scripts/main.cs.
----------->Executing file 'tools/main.cs'
Missing file: tools/main.cs!
Error: Unable to find specified directory: tools
--------- Parsing Arguments ---------

Executing scripts/client/prefs.cs.
Executing ./scripts/server/prefs.cs.
Binding server port to default IP
UDP initialized on port 0
Attempting to create GFX device: NVIDIA GeForce GTX 550 Ti (D3D9)
Device created, setting adapter and enumerating modes
   Cur. D3DDevice ref count=1
   Pix version detected: 3.000000
   Vert version detected: 3.000000
   Maximum number of simultaneous samplers: 16
   Number of simultaneous render targets: 4
   Hardware occlusion query detected: Yes
   Using Direct3D9Ex: No
Initializing GFXCardProfiler (D3D9)
   o Chipset : ''
   o Card    : ''
   o Version : ''
   - Scanning card capabilities...
GFXCardProfiler (D3D9) - Setting capability 'autoMipMapLevel' to 1.
GFXCardProfiler (D3D9) - Setting capability 'maxTextureWidth' to 8192.
GFXCardProfiler (D3D9) - Setting capability 'maxTextureHeight' to 8192.
GFXCardProfiler (D3D9) - Setting capability 'maxTextureSize' to 8192.
GFXCardProfiler (D3D9) - Setting capability 'lerpDetailBlend' to 1.
GFXCardProfiler (D3D9) - Setting capability 'fourStageDetailBlend' to 1.
   - Loading card profiles...
      - Loaded card profile core/profile/D3D9.cs
      - No card profile core/profile/D3D9..cs exists
      - No card profile core/profile/D3D9...cs exists
      - No card profile core/profile/D3D9....cs exists
Executing core/art/gui/remapDlg.gui.
Executing core/art/gui/console.gui.
Executing core/art/gui/consoleVarDlg.gui.
Executing core/art/gui/netGraphGui.gui.
Executing core/art/gui/FrameOverlayGui.gui.
Executing core/art/materials.cs.
Executing core/art/grids/materials.cs.
Executing core/art/shapes/materials.cs.
Executing core/art/skies/Black_sky/materials.cs.
Executing core/art/skies/Blank_sky/materials.cs.
Executing core/art/skies/Desert_Sky/materials.cs.
Executing core/art/skies/Grey_sky/materials.cs.
Executing core/art/skies/NewLevel_sky/materials.cs.
Executing core/art/skies/night/materials.cs.
Executing core/art/skies/Physics_sky/materials.cs.
Executing core/art/special/materials.cs.
Executing art/postfx/postFXManager.gui.
Executing core/scripts/gui/guiTreeViewCtrl.cs.
Executing core/scripts/gui/messageBoxes/messageBox.ed.cs.
Executing core/scripts/gui/messageBoxes/messageBoxOk.ed.gui.
Executing core/scripts/gui/messageBoxes/messageBoxYesNo.ed.gui.
Executing core/scripts/gui/messageBoxes/messageBoxYesNoCancel.ed.gui.
Executing core/scripts/gui/messageBoxes/messageBoxOKCancel.ed.gui.
Executing core/scripts/gui/messageBoxes/messageBoxOKCancelDetailsDlg.ed.gui.
Executing core/scripts/gui/messageBoxes/messagePopup.ed.gui.
Executing core/scripts/gui/messageBoxes/IODropdownDlg.ed.gui.
Executing art/gui/customProfiles.cs.
Executing core/art/gui/chooseLevelDlg.gui.
Executing core/scripts/gui/chooseLevelDlg.cs.
Executing core/scripts/gui/optionsDlg.cs.
Executing core/art/gui/optionsDlg.gui.
Executing core/scripts/gui/loadingGui.cs.
Executing core/art/gui/loadingGui.gui.
 % - Initialized Core

--------- Initializing Directory: scripts ---------
sfxStartup...
SFXSystem::createDevice - created DirectSound device 'Speakers (USB Sound Device        )'
SFXDSDevice::setDistanceModel - 'linear' distance attenuation not supported by DirectSound
   Provider: DirectSound
   Device: Speakers (USB Sound Device        )
   Hardware: No
   Buffers: 16

----------------Initializing FPS Example: Server Scripts -------------------

--------- Initializing FPS Example: Client Scripts ---------
Missing file: core/art/gui/customProfiles.cs!
Using Advanced Lighting


--------------
Attempting to set resolution to "800 600 false 32 60 4"
Accept Mode: 
--Resolution    : 800 600
--Full Screen   : No
--Bits Per Pixel: 32.000
--Refresh Rate  : 60
--FSAA Level    : 4
---------------------------
GFXPCD3D9Device::reset - depthstencil 92e9660 has 2 ref's
--- Resetting D3D Device ---
GFXPCD3D9Device::reset - depthstencil 92e9a20 has 2 ref's
--- Resetting D3D Device ---
Executing art/gui/defaultGameProfiles.cs.
Executing art/gui/PlayGui.gui.
Executing art/gui/ChatHud.gui.
Executing art/gui/playerList.gui.
Executing art/gui/hudlessGui.gui.
Executing art/gui/controlsHelpDlg.gui.
Executing art/gui/mainMenuGui.gui.
Executing art/gui/joinServerDlg.gui.
Executing art/gui/endGameGui.gui.
Executing art/gui/StartupGui.gui.
Missing file: scripts/gui/startupGui.cs!
Executing art/skies/materials.cs.
Executing core/art/materials.cs.
Executing core/art/grids/materials.cs.
Executing core/art/shapes/materials.cs.
Executing core/art/skies/Black_sky/materials.cs.
Executing core/art/skies/Blank_sky/materials.cs.
Executing core/art/skies/Desert_Sky/materials.cs.
Executing core/art/skies/Grey_sky/materials.cs.
Executing core/art/skies/NewLevel_sky/materials.cs.
Executing core/art/skies/night/materials.cs.
Executing core/art/skies/Physics_sky/materials.cs.
Executing core/art/special/materials.cs.
Binding server port to default IP
UDP initialized on port 0
*** ENDING MISSION
Exporting server prefs...
Executing core/art/datablocks/datablockExec.cs.
Executing core/art/datablocks/camera.cs.
Executing core/art/datablocks/markers.cs.
Executing core/art/datablocks/defaultparticle.cs.
Executing core/art/datablocks/lights.cs.
Executing art/shapes/particles/managedParticleData.cs.
Executing art/datablocks/managedDatablocks.cs.
art/datablocks/managedDatablocks.cs (0): Unable to find parent object ScatterskyFlareExample for LightFlareData.
Executing art/datablocks/datablockExec.cs.
Executing art/datablocks/particles.cs.
Executing art/datablocks/genericparticles.cs.
Executing art/datablocks/../templates/defaultDatablocks.cs.
Executing art/datablocks/../templates/graphExamples.cs.
Executing creations/exec.cs.
Executing creations/ParticleEffects.cs.
*** ENDING MISSION
*** LOADING MISSION: levels/preview.mis
*** Stage 1 load
*** Stage 2 load CSHARP
Executing levels/preview.mis.
*** Mission loaded
Connect request from:
Connection established 1883
CADD: 1884 local
*** Sending mission load to client: levels/preview.mis
Engine initialized...
Started up in 1.06 seconds...
Window focus status changed: focus: 1
Mapping string: ServerMessage to index: 0
Mapping string: MsgConnectionError to index: 1
Mapping string: MsgLoadInfo to index: 2
Load info Recieved map Blank Room
AntiAliasing has been disabled; it is not compatible with AdvancedLighting.
Mapping string: MsgLoadDescripition to index: 3
Line recieved A blank room ready to be populated with Torque objects.

Guns, anyone?
Mapping string: MsgLoadInfoDone to index: 4
Mapping string: MissionStartPhase1 to index: 5
*** New Mission: levels/preview.mis
*** Phase 1: Download Datablocks & Targets
------------>onMissionDownloadPhase1('levels/preview.mis', 'lush')
------------>MissionStartPhase1Ack
Mapping string: MissionStartPhase1Ack to index: 0
Transmitting Datablocks
Mapping string: MissionStartPhase2 to index: 6
*** Phase 2: Download Ghost Objects
Mapping string: MissionStartPhase2Ack to index: 1
[Material::mapMaterial] - Cannot map unnamed Material
Ghost Always objects received.
Mapping string: MissionStartPhase3 to index: 7
Client Replication Startup has Happened!
fxFoliageReplicator - replicated client foliage for 0 objects
Failed to create resource: [levels/preview.mis.decals]
*** Phase 3: Mission Lighting
Mission lighting done
Mapping string: MissionStartPhase3Ack to index: 2
GameBase::setDatablockProperty - Could not find data block "DefaultPlayerData"
ShapeBase::onAdd - no datablock on shape 1892:Player ((null))
<input> (0): Register object failed for object (null) of class Player.
No spawnsphere
Mapping string: MissionStart to index: 8
Mapping string: SyncClock to index: 9
Mapping string: RefreshWeaponHud to index: 10
------------------------------------>WARNING Cannot Find object 'WeaponHUD'.setVisible.
Mapping string: MsgClientJoin to index: 11
Mapping string: Current Players: 1 to index: 12
Mapping string: Welcome to the Torque demo app %1. to index: 13
Mapping string: Visitor to index: 14
*** Initial Control Object
Activating DirectInput...
*** Control Object Changed
CDROP: 1884 
Exporting server prefs...
Exporting client prefs
Exporting server prefs
BanList::export - wrong number of arguments.
usage: Dump the banlist to a file.

@param filename Path of the file to write the list to.

@tsexample
BanList::Export("./server/banlist.cs");
@endtsexample


Cur. D3DDevice ref count=1
GFXTextureObject::dumpActiveTOs - no active TOs to dump.
GFXPrimitiveBuffer::dumpActivePBs - no currently active PBs to dump. You are A-OK!
