//-------------------------- 11/18/2012 -- 00:46:25 -----
Processor Init:
   Intel Pentium III Xeon, ~3.31 Ghz
   FPU detected
   MMX detected
   SSE detected
   SSE2 detected
   MP detected [4 cores, 4 logical, 1 physical]
 
Math Init:
   Installing Standard C extensions
   Installing Assembly extensions
   Installing FPU extensions
   Installing MMX extensions
   Installing SSE extensions
 
Initializing platform...
Input Init:
   keyboard0 input device created.
   mouse0 input device created.
   DirectInput enabled.

Done
SFXALProvider - OpenAL not available.
GFX Init:
   Direct 3D (version 9.x) device found
   Direct 3D (version 9.x) device found
   Null device found

DebugDrawer Enabled!
--------- Loading DIRS ---------

--------- Parsing Arguments ---------
Binding server port to default IP
UDP initialized on port 0
Attempting to create GFX device: NVIDIA GeForce GTX 550 Ti (D3D9)
Device created, setting adapter and enumerating modes
   Cur. D3DDevice ref count=1
   Pix version detected: 3.000000
   Vert version detected: 3.000000
   Maximum number of simultaneous samplers: 16
   Number of simultaneous render targets: 4
   Hardware occlusion query detected: Yes
   Using Direct3D9Ex: No
WMIVideoInfo: DxDiag initialized
Initializing GFXCardProfiler (D3D9)
   o Chipset : 'GeForce GTX 550 Ti'
   o Card    : 'GeForce GTX 550 Ti'
   o Version : '9.18.0013.0697'
   - Scanning card capabilities...
GFXCardProfiler (D3D9) - Setting capability 'autoMipMapLevel' to 1.
GFXCardProfiler (D3D9) - Setting capability 'maxTextureWidth' to 8192.
GFXCardProfiler (D3D9) - Setting capability 'maxTextureHeight' to 8192.
GFXCardProfiler (D3D9) - Setting capability 'maxTextureSize' to 8192.
GFXCardProfiler (D3D9) - Setting capability 'lerpDetailBlend' to 1.
GFXCardProfiler (D3D9) - Setting capability 'fourStageDetailBlend' to 1.
   - Loading card profiles...
      - Loaded card profile core/profile/D3D9.cs
      - No card profile core/profile/D3D9.GeForceGTX550Ti.cs exists
      - No card profile core/profile/D3D9.GeForceGTX550Ti.GeForceGTX550Ti.cs exists
      - No card profile core/profile/D3D9.GeForceGTX550Ti.GeForceGTX550Ti.91800130697.cs exists
% - PostFX Manager - Executing core/scripts/client/postFx/default.postfxpreset.cs
% - PostFX Manager - Applying from preset
% - PostFX Manager - PostFX enabled
Missing file: core/art/gui/customProfiles.cs!
 % - Initialized Core

--------- Initializing Directory: scripts ---------
sfxStartup...
SFXSystem::createDevice - created DirectSound device 'Speakers (USB Sound Device        )'
SFXDSDevice::setDistanceModel - 'linear' distance attenuation not supported by DirectSound
   Provider: DirectSound
   Device: Speakers (USB Sound Device        )
   Hardware: No
   Buffers: 16

--------- Initializing IPS Pro: Server Scripts ---------

--------- Initializing IPS Pro: Client Scripts ---------

--------- Initializing Lighting Systems ---------
Using Advanced Lighting


--------------
Attempting to set resolution to "1024 768 false 32 60 4"
Accepted Mode: 
--Resolution : 1024 768
--Full Screen : No
--Bits Per Pixel : 32
--Refresh Rate : 60
--FSAA Level : 4
--------------
GFXPCD3D9Device::reset - depthstencil 33a0360 has 2 ref's
--- Resetting D3D Device ---
GFXPCD3D9Device::reset - depthstencil 5a7e940 has 2 ref's
--- Resetting D3D Device ---
Binding server port to default IP
UDP initialized on port 0
 % - Initializing Tools
 % - Initializing Tools Base
 % - Initializing Base Editor
 % - Initializing World Editor
 % - Initializing Sketch Tool
 - Initializing Datablock Editor
 % - Initializing Debugger
 % - Initializing Decal Editor
 % - Initializing Forest Editor
 % - Initializing Gui Editor
 % - Initializing Material Editor
 % - Initializing Mesh Road Editor
 % - Initializing Mission Area Editor
 % - Initializing Particle Editor
 % - Initializing Physics Tools
No physics plugin exists.
 % - Initializing River Editor
 - Initializing Road and Path Editor
 % - Initializing Shape Editor
 % - Initializing Sketch Tool
tools/convexEditor/convexEditorGui.gui (0): Cannot re-declare object [ConvexEditorGui].
tools/convexEditor/convexEditorToolbar.ed.gui (0): Cannot re-declare object [ConvexEditorToolbar].
tools/convexEditor/main.cs (42): Cannot re-declare object [ConvexEditorPlugin].
 - Initializing Datablock Editor
tools/datablockEditor/DatablockEditorTreeWindow.ed.gui (0): Cannot re-declare object [DatablockEditorTreeWindow].
tools/datablockEditor/DatablockEditorInspectorWindow.ed.gui (0): Cannot re-declare object [DatablockEditorInspectorWindow].
tools/datablockEditor/DatablockEditorCreatePrompt.ed.gui (0): Cannot re-declare object [DatablockEditorCreatePrompt].
tools/datablockEditor/main.cs (43): Cannot re-declare object [DatablockEditorPlugin].
tools/datablockEditor/main.cs (49): Cannot re-declare object [UnlistedDatablocks].
 % - Initializing Debugger
tools/debugger/Gui/breakConditionDlg.ed.gui (0): Cannot re-declare object [DebuggerBreakConditionDlg].
tools/debugger/Gui/connectDlg.ed.gui (0): Cannot re-declare object [DebuggerConnectDlg].
tools/debugger/Gui/editWatchDlg.ed.gui (0): Cannot re-declare object [DebuggerEditWatchDlg].
tools/debugger/Gui/findDlg.ed.gui (0): Cannot re-declare object [DebuggerFindDlg].
tools/debugger/Gui/debugger.ed.gui (0): Cannot re-declare object [DebuggerGui].
tools/debugger/Gui/watchDlg.ed.gui (0): Cannot re-declare object [DebuggerWatchDlg].
 % - Initializing Decal Editor
tools/decalEditor/decalEditorGui.gui (0): Cannot re-declare object [DecalEditorGui].
tools/decalEditor/main.cs (43): Cannot re-declare object [DecalEditorPlugin].
tools/decalEditor/main.cs (58): Cannot re-declare object [DecalPMan].
 % - Initializing Forest Editor
tools/forestEditor/forestEditorGui.gui (0): Cannot re-declare object [ForestEditorGui].
tools/forestEditor/forestEditToolbar.ed.gui (2): Cannot re-declare object [ForestEditToolbar].
tools/forestEditor/forestEditToolbar.ed.gui (348): Cannot re-declare object [ForestBrushSizeSliderCtrlContainer].
tools/forestEditor/forestEditToolbar.ed.gui (378): Cannot re-declare object [ForestBrushPressureSliderCtrlContainer].
tools/forestEditor/forestEditToolbar.ed.gui (0): Cannot re-declare object [ForestBrushHardnessSliderCtrlContainer].
tools/forestEditor/main.cs (44): Cannot re-declare object [ForestEditorPlugin].
tools/forestEditor/main.cs (50): Cannot re-declare object [ForestTools].
 % - Initializing Gui Editor
tools/guiEditor/gui/guiEditor.ed.gui (0): Cannot re-declare object [GuiEditorGui].
tools/guiEditor/gui/guiEditorNewGuiDialog.ed.gui (0): Cannot re-declare object [GuiEditorNewGuiDialog].
tools/guiEditor/gui/guiEditorPrefsDlg.ed.gui (0): Cannot re-declare object [GuiEditorPrefsDlg].
tools/guiEditor/gui/guiEditorSelectDlg.ed.gui (0): Cannot re-declare object [GuiEditorSelectDlgContainer].
tools/guiEditor/gui/EditorChooseGUI.ed.gui (0): Cannot re-declare object [EditorChooseGUI].
 % - Initializing Material Editor
tools/materialEditor/gui/guiMaterialPreviewWindow.ed.gui (0): Cannot re-declare object [MaterialEditorPreviewWindow].
tools/materialEditor/gui/guiMaterialPreviewWindow.ed.gui (0): Cannot re-declare object [matEd_cubemapEditor].
tools/materialEditor/gui/guiMaterialPreviewWindow.ed.gui (0): Cannot re-declare object [matEd_addCubemapWindow].
tools/materialEditor/gui/guiMaterialPropertiesWindow.ed.gui (2): Cannot re-declare object [MaterialEditorGui].
tools/materialEditor/gui/guiMaterialPropertiesWindow.ed.gui (0): Cannot re-declare object [matEdNonModalGroup].
 % - Initializing Mesh Road Editor
tools/meshRoadEditor/meshRoadEditorGui.gui (0): Cannot re-declare object [MeshRoadEditorGui].
tools/meshRoadEditor/meshRoadEditorToolbar.gui (1): Cannot re-declare object [MeshRoadEditorToolbar].
tools/meshRoadEditor/meshRoadEditorToolbar.gui (265): Cannot re-declare object [MeshRoadDefaultWidthSliderCtrlContainer].
tools/meshRoadEditor/meshRoadEditorToolbar.gui (0): Cannot re-declare object [MeshRoadDefaultDepthSliderCtrlContainer].
tools/meshRoadEditor/main.cs (42): Cannot re-declare object [MeshRoadEditorPlugin].
 % - Initializing Mission Area Editor
tools/missionAreaEditor/missionAreaEditorGui.ed.gui (0): Cannot re-declare object [MissionAreaEditorGui].
tools/missionAreaEditor/main.cs (40): Cannot re-declare object [MissionAreaEditorPlugin].
 % - Initializing Particle Editor
tools/particleEditor/ParticleEditor.ed.gui (0): Cannot re-declare object [PE_Window].
tools/particleEditor/main.cs (41): Cannot re-declare object [ParticleEditorPlugin].
tools/particleEditor/main.cs (55): Cannot re-declare object [ParticleEditor].
tools/particleEditor/main.cs (57): Cannot re-declare object [PE_EmitterSaver].
tools/particleEditor/main.cs (58): Cannot re-declare object [PE_ParticleSaver].
tools/particleEditor/main.cs (60): Cannot re-declare object [PE_UnlistedParticles].
tools/particleEditor/main.cs (61): Cannot re-declare object [PE_UnlistedEmitters].
 % - Initializing Physics Tools
No physics plugin exists.
 % - Initializing River Editor
tools/riverEditor/riverEditorGui.gui (0): Cannot re-declare object [RiverEditorGui].
tools/riverEditor/riverEditorToolbar.gui (1): Cannot re-declare object [RiverEditorToolbar].
tools/riverEditor/riverEditorToolbar.gui (266): Cannot re-declare object [RiverDefaultWidthSliderCtrlContainer].
tools/riverEditor/riverEditorToolbar.gui (0): Cannot re-declare object [RiverDefaultDepthSliderCtrlContainer].
tools/riverEditor/main.cs (43): Cannot re-declare object [RiverEditorPlugin].
 - Initializing Road and Path Editor
tools/roadEditor/roadEditorGui.gui (0): Cannot re-declare object [RoadEditorGui].
tools/roadEditor/roadEditorToolbar.gui (1): Cannot re-declare object [RoadEditorToolbar].
tools/roadEditor/roadEditorToolbar.gui (0): Cannot re-declare object [RoadDefaultWidthSliderCtrlContainer].
tools/roadEditor/main.cs (43): Cannot re-declare object [RoadEditorPlugin].
 % - Initializing Shape Editor
tools/shapeEditor/gui/shapeEdPreviewWindow.ed.gui (0): Cannot re-declare object [ShapeEdPreviewGui].
tools/shapeEditor/gui/shapeEdAnimWindow.ed.gui (0): Cannot re-declare object [ShapeEdAnimWindow].
tools/shapeEditor/gui/shapeEdAdvancedWindow.ed.gui (2): Cannot re-declare object [ShapeEdAdvancedWindow].
tools/shapeEditor/gui/shapeEdAdvancedWindow.ed.gui (1763): Cannot re-declare object [ShapeEdWaitGui].
tools/shapeEditor/gui/shapeEditorToolbar.ed.gui (0): Cannot re-declare object [ShapeEditorToolbar].
tools/shapeEditor/gui/shapeEdSelectWindow.ed.gui (0): Cannot re-declare object [ShapeEdSelectWindow].
tools/shapeEditor/gui/shapeEdPropWindow.ed.gui (2): Cannot re-declare object [ShapeEdPropWindow].
tools/shapeEditor/gui/shapeEdPropWindow.ed.gui (1405): Cannot re-declare object [GenImposterGui].
tools/shapeEditor/scripts/shapeEditorHints.ed.cs (28): Cannot re-declare object [ShapeHintControls].
tools/shapeEditor/scripts/shapeEditorHints.ed.cs (0): Cannot re-declare object [ShapeHintGroup].
tools/shapeEditor/main.cs (60): Cannot re-declare object [ShapeEditorPlugin].
Engine initialized...
Window focus status changed: focus: 1
AntiAliasing has been disabled; it is not compatible with AdvancedLighting.
Exporting server prefs...
ParticleEmitterData(g_burnerEmitter) unable to find particle datablock: backburnerParticles
ParticleEmitterData(g_burnerEmitter) unable to find any particle datablocks
art/datablocks/../ParticleSystem/graphExamples.cs (65): Register object failed for object g_burnerEmitter of class GraphEmitterData.
ParticleEmitterData(g_attrEmitter) unable to find particle datablock: attrParticles
ParticleEmitterData(g_attrEmitter) unable to find any particle datablocks
art/datablocks/../ParticleSystem/graphExamples.cs (71): Register object failed for object g_attrEmitter of class GraphEmitterData.
*** LOADING MISSION: levels/Empty Room.mis
*** Stage 1 load
*** Stage 2 load
[MaterialList::mapMaterials] Unable to find material for texture: OrganicA1
[MaterialList::mapMaterials] Unable to find material for texture: StoneA1
*** Mission loaded
Connect request from: 
Connection established 4026
CADD: 4027 local
*** Sending mission load to client: levels/Empty Room.mis
Mapping string: ServerMessage to index: 0
Mapping string: MsgConnectionError to index: 1
onServerMessage: 
Mapping string: MsgLoadInfo to index: 2
onServerMessage: 
Mapping string: MsgLoadDescripition to index: 3
onServerMessage: 
Mapping string: MsgLoadInfoDone to index: 4
onServerMessage: 
Mapping string: MsgClientJoin to index: 5
Mapping string: Welcome to a Torque application %1. to index: 6
Mapping string: Visitor to index: 7
onServerMessage: 
  +- a: Welcome to a Torque application Visitor.
Mapping string: MissionStartPhase1 to index: 8
*** New Mission: levels/Empty Room.mis
*** Phase 1: Download Datablocks & Targets
% - PostFX Manager - Executing core/scripts/client/postFx/default.postfxpreset.cs
% - PostFX Manager - Applying from preset
% - PostFX Manager - PostFX enabled
Mapping string: MissionStartPhase1Ack to index: 0
Mapping string: MissionStartPhase2 to index: 9
*** Phase 2: Download Ghost Objects
Mapping string: MissionStartPhase2Ack to index: 1
[Material::mapMaterial] - Cannot map unnamed Material
[Material::mapMaterial] - Cannot map unnamed Material
Ghost Always objects received.
Mapping string: MissionStartPhase3 to index: 10
Client Replication Startup has Happened!
fxFoliageReplicator - replicated client foliage for 0 objects
Failed to create resource: [levels/Empty Room.mis.decals]
*** Phase 3: Mission Lighting
Mission lighting done
Mapping string: MissionStartPhase3Ack to index: 2
Unable to spawn an object without a spawnClass
Mapping string: MissionStart to index: 11
*** Initial Control Object
Activating DirectInput...
*** Control Object Changed
Missing file: art/forest/brushes.cs!
Win32Window::WindowProc - resetting device due to window size change.
GFXPCD3D9Device::reset - depthstencil 5a7ef80 has 2 ref's
--- Resetting D3D Device ---
Time spent in toggleEditor() : 0.448 s
Mapping string: EditorOrbitCameraSelectChange to index: 3
Value 0 = 0.000000
Value 1 = 50.000000
Callback error
Callback error
Callback error
Callback error
Callback error
Callback error
Callback error
Callback error
Callback error
Callback error
Callback error
Callback error
Callback error
Callback error
Callback error
Callback error
Callback error
Callback error
Callback error
Callback error
Callback error
Callback error
Callback error
Callback error
Callback error
Callback error
Callback error
Callback error
Callback error
Callback error
Callback error
Callback error
Callback error
Callback error
Callback error
Callback error
Callback error
Callback error
Callback error
Callback error
Callback error
Callback error
Callback error
Callback error
Callback error
Callback error
Callback error
Callback error
Callback error
Callback error
Callback error
Callback error
Callback error
Callback error
Callback error
Callback error
Callback error
Callback error
Callback error
Callback error
Callback error
Callback error
Callback error
Callback error
Callback error
Callback error
Callback error
Callback error
Callback error
Callback error
Callback error
Callback error
Callback error
Callback error
Callback error
Callback error
Callback error
Callback error
Callback error
Callback error
Callback error
Callback error
Callback error
Callback error
Callback error
Callback error
Callback error
Callback error
Callback error
Callback error
Callback error
Callback error
Callback error
Callback error
Callback error
Callback error
Callback error
Callback error
Callback error
Callback error
Callback error
Callback error
Callback error
Callback error
Callback error
Callback error
Callback error
Callback error
Callback error
Callback error
Callback error
Callback error
Callback error
Callback error
Callback error
Callback error
Callback error
Callback error
Callback error
Callback error
Callback error
Callback error
Callback error
Callback error
Callback error
Callback error
Callback error
Callback error
Callback error
Callback error
Callback error
Callback error
Callback error
Callback error
Callback error
Callback error
Callback error
Callback error
Callback error
Callback error
Callback error
Callback error
Callback error
Callback error
Callback error
Callback error
Callback error
Callback error
Callback error
Callback error
Callback error
Callback error
Callback error
Callback error
Callback error
Callback error
Callback error
Callback error
Callback error
Callback error
Callback error
Callback error
Callback error
Callback error
Callback error
Callback error
Callback error
Callback error
Callback error
Callback error
Callback error
Callback error
Callback error
Callback error
Callback error
Callback error
Callback error
Callback error
Callback error
Callback error
Callback error
Callback error
Callback error
Callback error
Callback error
Callback error
Callback error
Callback error
Callback error
Callback error
Callback error
Callback error
Callback error
Callback error
Callback error
Callback error
Callback error
Callback error
Callback error
Callback error
Callback error
Callback error
Callback error
Callback error
Callback error
Callback error
Callback error
Callback error
Callback error
Callback error
Callback error
Callback error
Callback error
Callback error
Callback error
Callback error
Callback error
Callback error
Callback error
Callback error
Callback error
Callback error
Callback error
Callback error
Callback error
Callback error
Callback error
Callback error
Callback error
Callback error
Callback error
Callback error
Callback error
Callback error
Callback error
Callback error
Callback error
Callback error
Callback error
Callback error
Callback error
Callback error
Callback error
Callback error
Callback error
Callback error
Callback error
Callback error
Callback error
Callback error
Callback error
Callback error
Callback error
Callback error
Callback error
Callback error
Callback error
Callback error
Callback error
Callback error
Callback error
Callback error
Callback error
Callback error
Callback error
Callback error
Callback error
Callback error
Callback error
Callback error
Callback error
Callback error
Callback error
Callback error
Callback error
Callback error
Callback error
Callback error
Callback error
Callback error
Callback error
Callback error
Callback error
Callback error
Callback error
Callback error
Callback error
Callback error
Callback error
Callback error
Callback error
Callback error
Callback error
Callback error
Callback error
Callback error
Callback error
Callback error
Callback error
Callback error
Callback error
Callback error
Callback error
Callback error
Callback error
Callback error
Callback error
Callback error
Callback error
Callback error
Callback error
Callback error
Callback error
Callback error
Callback error
Callback error
Callback error
Callback error
Callback error
Callback error
Callback error
Callback error
Callback error
Callback error
Callback error
Callback error
Callback error
Callback error
Callback error
Callback error
Callback error
Callback error
Callback error
Callback error
Callback error
Callback error
Callback error
Callback error
Callback error
Callback error
Callback error
Callback error
Callback error
Callback error
Callback error
Callback error
Callback error
Callback error
Callback error
Callback error
Callback error
Callback error
Callback error
Callback error
Callback error
Callback error
Callback error
Callback error
Callback error
Callback error
Callback error
Callback error
Callback error
Callback error
Callback error
Callback error
Callback error
Callback error
Callback error
Callback error
Callback error
Callback error
Callback error
Callback error
Callback error
Callback error
Callback error
Callback error
Callback error
Callback error
Callback error
Callback error
Callback error
Callback error
Callback error
Callback error
Callback error
Callback error
Callback error
Callback error
Callback error
Callback error
Callback error
Callback error
Callback error
Callback error
Callback error
Callback error
Callback error
Callback error
Callback error
Callback error
Callback error
Callback error
Callback error
Callback error
Callback error
Callback error
Callback error
Callback error
Callback error
Callback error
Callback error
Callback error
Callback error
Callback error
Callback error
Callback error
Callback error
Callback error
Callback error
Callback error
Callback error
Callback error
Callback error
Callback error
Callback error
Callback error
Callback error
Callback error
Callback error
Callback error
Callback error
Callback error
Callback error
Callback error
Callback error
Callback error
Callback error
Callback error
Callback error
Callback error
Callback error
Callback error
Callback error
Callback error
Callback error
Callback error
Callback error
Callback error
Callback error
Callback error
Callback error
Callback error
Callback error
Callback error
Callback error
Callback error
Callback error
Callback error
Callback error
Callback error
Callback error
Callback error
Callback error
Callback error
Callback error
Callback error
Callback error
Callback error
Callback error
Callback error
Callback error
Callback error
Callback error
Callback error
Callback error
Callback error
Callback error
Callback error
Callback error
Callback error
Callback error
Callback error
Callback error
Callback error
Callback error
Callback error
Callback error
Callback error
Callback error
Callback error
Callback error
Callback error
Callback error
Callback error
Callback error
Callback error
Callback error
Callback error
Callback error
Callback error
Callback error
Callback error
Callback error
Callback error
Callback error
Callback error
Callback error
Callback error
Callback error
Callback error
Callback error
Callback error
Callback error
Callback error
Callback error
Callback error
Callback error
Callback error
Callback error
Callback error
Callback error
Callback error
Callback error
Callback error
Callback error
Callback error
Callback error
Callback error
Callback error
Callback error
Callback error
Callback error
Callback error
Callback error
Callback error
Callback error
Callback error
Callback error
Callback error
Callback error
Callback error
Callback error
Callback error
Callback error
Callback error
Callback error
Callback error
Callback error
Callback error
Callback error
Callback error
Callback error
Callback error
Callback error
Callback error
Callback error
Callback error
Callback error
Callback error
Callback error
Callback error
Callback error
Callback error
Callback error
Callback error
Callback error
Callback error
Callback error
Callback error
Callback error
Callback error
Callback error
Callback error
Callback error
Callback error
Callback error
Callback error
Callback error
Callback error
Callback error
Callback error
Callback error
Callback error
Callback error
Callback error
Callback error
Callback error
Callback error
Callback error
Callback error
Callback error
Callback error
Callback error
Callback error
Callback error
Callback error
Callback error
Callback error
Callback error
Callback error
Callback error
Callback error
Callback error
Callback error
Callback error
Callback error
Callback error
Callback error
Callback error
Callback error
Callback error
Callback error
Callback error
Callback error
Callback error
Callback error
Callback error
Callback error
Callback error
Callback error
Callback error
Callback error
Callback error
Callback error
Callback error
Callback error
Callback error
Callback error
Callback error
Callback error
Callback error
Callback error
Callback error
Callback error
Callback error
Callback error
Callback error
Callback error
Callback error
Callback error
Callback error
Callback error
Callback error
Callback error
Callback error
Callback error
Callback error
Callback error
Callback error
Callback error
Callback error
Callback error
Callback error
Callback error
Callback error
Callback error
Callback error
Callback error
Callback error
Callback error
Callback error
Callback error
Callback error
Callback error
Callback error
Callback error
Callback error
Callback error
Callback error
Callback error
Callback error
Callback error
Callback error
Callback error
Callback error
Callback error
Callback error
Callback error
Callback error
Callback error
Callback error
Callback error
Callback error
Callback error
Callback error
Callback error
Callback error
Callback error
Callback error
Callback error
Callback error
Callback error
Callback error
Callback error
Callback error
Callback error
Callback error
Callback error
Callback error
Callback error
Callback error
Callback error
Callback error
Callback error
Callback error
Callback error
Callback error
Callback error
Callback error
Callback error
Callback error
Callback error
Callback error
Callback error
Callback error
Callback error
Callback error
Callback error
Callback error
Callback error
Callback error
Callback error
Callback error
Callback error
Callback error
Callback error
Callback error
Callback error
Callback error
Callback error
Callback error
Callback error
Callback error
Callback error
Callback error
Callback error
Callback error
Callback error
Callback error
Callback error
Callback error
Callback error
Callback error
Callback error
Callback error
Callback error
Callback error
Callback error
Callback error
Callback error
Callback error
Callback error
Callback error
Callback error
Callback error
Callback error
Callback error
Callback error
Callback error
Callback error
Callback error
Callback error
Callback error
Callback error
Callback error
Callback error
Callback error
Callback error
Callback error
Callback error
Callback error
Callback error
Callback error
Callback error
Callback error
Callback error
Callback error
Callback error
Callback error
Callback error
Callback error
Callback error
Callback error
Callback error
Callback error
Callback error
Callback error
Callback error
Callback error
Callback error
Callback error
Callback error
Callback error
Callback error
Callback error
Callback error
Callback error
Callback error
Callback error
Callback error
Callback error
Callback error
Callback error
Callback error
Callback error
Callback error
Callback error
Callback error
Callback error
Callback error
Callback error
Callback error
Callback error
Callback error
Callback error
Callback error
Callback error
Callback error
Callback error
Callback error
Callback error
Callback error
Callback error
Callback error
Callback error
Callback error
Callback error
Callback error
Callback error
Callback error
Callback error
Callback error
Callback error
Callback error
Callback error
Callback error
Callback error
Callback error
Callback error
Callback error
Callback error
Callback error
Callback error
Callback error
Callback error
Callback error
Callback error
Callback error
Callback error
Callback error
Callback error
Callback error
Callback error
Callback error
Callback error
Callback error
Callback error
Callback error
Callback error
Callback error
Callback error
Callback error
Callback error
Callback error
Callback error
Callback error
Callback error
Callback error
Callback error
Callback error
Callback error
Callback error
Callback error
Callback error
Callback error
Callback error
Callback error
Callback error
Callback error
Callback error
Callback error
Callback error
Callback error
Callback error
Callback error
Callback error
Callback error
Callback error
Callback error
Callback error
Callback error
Callback error
Callback error
Callback error
Callback error
Callback error
Callback error
Callback error
Callback error
Callback error
Callback error
Callback error
Callback error
Callback error
Callback error
Callback error
Callback error
Callback error
Callback error
Callback error
Callback error
Callback error
Callback error
Callback error
Callback error
Callback error
Callback error
Callback error
Callback error
Callback error
Callback error
Callback error
Callback error
Callback error
Callback error
Callback error
Callback error
Callback error
Callback error
Callback error
Callback error
Callback error
Callback error
Callback error
Callback error
Callback error
Callback error
Callback error
Callback error
Callback error
Callback error
Callback error
Callback error
Callback error
Callback error
Callback error
Callback error
Callback error
Callback error
Callback error
Callback error
Callback error
Callback error
Callback error
Callback error
Callback error
Callback error
Callback error
Callback error
Callback error
Callback error
Callback error
Callback error
Callback error
Callback error
Callback error
Callback error
Callback error
Callback error
Callback error
Callback error
Callback error
Callback error
Callback error
Callback error
Callback error
Callback error
Callback error
Callback error
Callback error
Callback error
Callback error
Callback error
Callback error
Callback error
Callback error
Callback error
Callback error
Callback error
Callback error
Callback error
Callback error
Callback error
Callback error
Callback error
Callback error
Callback error
Callback error
Callback error
Callback error
Callback error
Callback error
Callback error
Callback error
Callback error
Callback error
Callback error
Callback error
Callback error
Callback error
Callback error
Callback error
Callback error
Callback error
Callback error
Callback error
Callback error
Callback error
Callback error
Callback error
Callback error
Callback error
Callback error
Callback error
Callback error
Callback error
Callback error
Callback error
Callback error
Callback error
Callback error
Callback error
Callback error
Callback error
Callback error
Callback error
Callback error
Callback error
Callback error
Callback error
Callback error
Callback error
Callback error
Callback error
Callback error
Callback error
Callback error
Callback error
Callback error
Callback error
Callback error
Callback error
Callback error
Callback error
Callback error
Callback error
Callback error
Callback error
Callback error
Callback error
Callback error
Callback error
Callback error
Callback error
Callback error
Callback error
Callback error
Callback error
Callback error
Callback error
Callback error
Callback error
Callback error
Callback error
Callback error
Callback error
Callback error
Callback error
Callback error
Callback error
Callback error
Callback error
Callback error
Callback error
Callback error
Callback error
Callback error
Callback error
Callback error
Callback error
Callback error
Callback error
Callback error
Callback error
Callback error
Callback error
Callback error
Callback error
Callback error
Callback error
Callback error
Callback error
Callback error
Callback error
Callback error
Callback error
Callback error
Callback error
Callback error
Callback error
Callback error
Callback error
Callback error
Callback error
Callback error
Callback error
Callback error
Callback error
Callback error
Callback error
Callback error
Callback error
Callback error
Callback error
Callback error
Callback error
Callback error
Callback error
Callback error
Callback error
Callback error
Callback error
Callback error
Callback error
Callback error
Callback error
Callback error
Callback error
Callback error
Callback error
Callback error
Callback error
Callback error
Callback error
Callback error
Callback error
Callback error
Callback error
Callback error
Callback error
Callback error
Callback error
Callback error
Callback error
Callback error
Callback error
Callback error
Callback error
Callback error
Callback error
Callback error
Callback error
Callback error
Callback error
Callback error
Callback error
Callback error
Callback error
Callback error
Callback error
Callback error
Callback error
Callback error
Callback error
Callback error
Callback error
Callback error
Callback error
Callback error
Callback error
Callback error
Callback error
Callback error
Callback error
Callback error
Callback error
Callback error
Callback error
Callback error
Callback error
Callback error
Callback error
Callback error
Callback error
Callback error
Callback error
Callback error
Callback error
Callback error
Callback error
Callback error
Callback error
Callback error
Callback error
Callback error
Callback error
Callback error
Callback error
Callback error
Callback error
Callback error
Callback error
Callback error
Callback error
Callback error
Callback error
Callback error
Callback error
Callback error
Callback error
Callback error
Callback error
Callback error
Callback error
Callback error
Callback error
Callback error
Callback error
Callback error
Callback error
Callback error
Callback error
Callback error
Callback error
Callback error
Callback error
Callback error
Callback error
Callback error
Callback error
Callback error
Callback error
Callback error
Callback error
Callback error
Callback error
Callback error
Callback error
Callback error
Callback error
Callback error
Callback error
Callback error
Callback error
Callback error
Callback error
Callback error
Callback error
Callback error
Callback error
Callback error
Callback error
Callback error
Callback error
Callback error
Callback error
Callback error
Callback error
Callback error
Callback error
Callback error
Callback error
Callback error
Callback error
Callback error
Callback error
Callback error
Callback error
Callback error
Callback error
Callback error
Callback error
Callback error
Callback error
Callback error
Callback error
Callback error
Callback error
Callback error
Callback error
Callback error
Callback error
Callback error
Callback error
Callback error
Callback error
Callback error
Callback error
Callback error
Callback error
Callback error
Callback error
Callback error
Callback error
Callback error
Callback error
Callback error
Callback error
Callback error
Callback error
Callback error
Callback error
Callback error
Callback error
Callback error
Callback error
Callback error
Callback error
Callback error
Callback error
Callback error
Callback error
Callback error
Callback error
Callback error
Callback error
Callback error
Callback error
Callback error
Callback error
Callback error
Callback error
Callback error
Callback error
Callback error
Callback error
Callback error
Callback error
Callback error
Callback error
Callback error
Callback error
Callback error
Callback error
Callback error
Callback error
Callback error
Callback error
Callback error
Callback error
Callback error
Callback error
Callback error
Callback error
Callback error
Callback error
Callback error
Callback error
Callback error
Callback error
Callback error
Callback error
Callback error
Callback error
Callback error
Callback error
Callback error
Callback error
Callback error
Callback error
Callback error
Callback error
Callback error
Callback error
Callback error
Callback error
Callback error
Callback error
Callback error
Callback error
Callback error
Callback error
Callback error
Callback error
Callback error
Callback error
Callback error
Callback error
Callback error
Callback error
Callback error
Callback error
Callback error
Callback error
Callback error
Callback error
Callback error
Callback error
Callback error
Callback error
Callback error
Callback error
Callback error
Callback error
Callback error
Callback error
Callback error
Callback error
Callback error
Callback error
Callback error
Callback error
Callback error
Callback error
Callback error
Callback error
Callback error
Callback error
Callback error
Callback error
Callback error
Callback error
Callback error
Callback error
Callback error
Callback error
Callback error
Callback error
Callback error
Callback error
Callback error
Callback error
Callback error
Callback error
Callback error
Callback error
Callback error
Callback error
Callback error
Callback error
Callback error
Callback error
Callback error
Callback error
Callback error
Callback error
Callback error
Callback error
Callback error
Callback error
Callback error
Callback error
Callback error
Callback error
Callback error
Callback error
Callback error
Callback error
Callback error
Callback error
Callback error
Callback error
Callback error
Callback error
Callback error
Callback error
Callback error
Callback error
Callback error
Callback error
Callback error
Callback error
Callback error
Callback error
Callback error
Callback error
Callback error
Callback error
Callback error
Callback error
Callback error
Callback error
Callback error
Callback error
Callback error
Callback error
Callback error
Callback error
Callback error
Callback error
Callback error
Callback error
Callback error
Callback error
Callback error
Callback error
Callback error
Callback error
Callback error
Callback error
Callback error
Callback error
Callback error
Callback error
Callback error
Callback error
Callback error
Callback error
Callback error
Callback error
Callback error
Callback error
Callback error
Callback error
Callback error
Callback error
Callback error
Callback error
Callback error
Callback error
Callback error
Callback error
Callback error
Callback error
Callback error
Callback error
Callback error
Callback error
Callback error
Callback error
Callback error
Callback error
Callback error
Callback error
Callback error
Callback error
Callback error
Callback error
Callback error
Callback error
Callback error
Callback error
Callback error
Callback error
Callback error
Callback error
Callback error
Callback error
Callback error
Callback error
Callback error
Callback error
Callback error
Callback error
Callback error
Callback error
Callback error
Callback error
Callback error
Callback error
Callback error
Callback error
Callback error
Callback error
Callback error
Callback error
Callback error
Callback error
Callback error
Callback error
Callback error
Callback error
Callback error
Callback error
Callback error
Callback error
Callback error
Callback error
Callback error
Callback error
Callback error
Callback error
Callback error
Callback error
Callback error
Callback error
Callback error
Callback error
Callback error
Callback error
Callback error
Callback error
Callback error
Callback error
Callback error
Callback error
Callback error
Callback error
Callback error
Callback error
Callback error
Callback error
Callback error
Callback error
Callback error
Callback error
Callback error
Callback error
Callback error
Callback error
Callback error
Callback error
Callback error
Callback error
Callback error
Callback error
Callback error
Callback error
Callback error
Callback error
Callback error
Callback error
Callback error
Callback error
Callback error
Callback error
Callback error
Callback error
Callback error
Callback error
Callback error
Callback error
Callback error
Callback error
Callback error
Callback error
Callback error
Callback error
Callback error
Callback error
Callback error
Callback error
Callback error
Callback error
Callback error
Callback error
Callback error
Callback error
Callback error
Callback error
Callback error
Callback error
Callback error
Callback error
Callback error
Callback error
Callback error
Callback error
Callback error
Callback error
Callback error
Callback error
Callback error
Callback error
Callback error
Callback error
Callback error
Callback error
Callback error
Callback error
Callback error
Callback error
Callback error
Callback error
Callback error
Callback error
Callback error
Callback error
Callback error
Callback error
Callback error
Callback error
Callback error
Callback error
Callback error
Callback error
Callback error
Callback error
Callback error
Callback error
Callback error
Callback error
Callback error
Callback error
Callback error
Callback error
Callback error
Callback error
Callback error
Callback error
Callback error
Callback error
Callback error
Callback error
Callback error
Callback error
Callback error
Callback error
Callback error
Callback error
Callback error
Callback error
Callback error
Callback error
Callback error
Callback error
Callback error
Callback error
Callback error
Callback error
Callback error
Callback error
Callback error
Callback error
Callback error
Callback error
Callback error
Callback error
Callback error
Callback error
Callback error
Callback error
Callback error
Callback error
Callback error
Callback error
Callback error
Callback error
Callback error
Callback error
Callback error
Callback error
Callback error
Callback error
Callback error
Callback error
Callback error
Callback error
Callback error
Callback error
Callback error
Callback error
Callback error
Callback error
Callback error
Callback error
Callback error
Callback error
Callback error
Callback error
Callback error
Callback error
Callback error
Callback error
Callback error
Callback error
Callback error
Callback error
Callback error
Callback error
Callback error
Callback error
Callback error
Callback error
Callback error
Callback error
Callback error
Callback error
Callback error
Callback error
Callback error
Callback error
Callback error
Callback error
Callback error
Callback error
Callback error
Callback error
Callback error
Callback error
Callback error
Callback error
Callback error
Callback error
Callback error
Callback error
Callback error
Callback error
Callback error
Callback error
Callback error
Callback error
Callback error
Callback error
Callback error
Callback error
Callback error
Callback error
Callback error
Callback error
Callback error
Callback error
Callback error
Callback error
Callback error
Callback error
Callback error
Callback error
Callback error
Callback error
Callback error
Callback error
Callback error
Callback error
Callback error
Callback error
Callback error
Callback error
Callback error
Callback error
Callback error
Callback error
Callback error
Callback error
Callback error
Callback error
Callback error
Callback error
Callback error
Callback error
Callback error
Callback error
Callback error
Callback error
Callback error
Callback error
Callback error
Callback error
Callback error
Callback error
Callback error
Callback error
Callback error
Callback error
Callback error
Callback error
Callback error
Callback error
Callback error
Callback error
Callback error
Callback error
Callback error
Callback error
Callback error
Callback error
Callback error
Callback error
Callback error
Callback error
Callback error
Callback error
Callback error
Callback error
Callback error
Callback error
Callback error
Callback error
Callback error
Callback error
Callback error
Callback error
Callback error
Callback error
Callback error
Callback error
Callback error
Callback error
Callback error
Callback error
Callback error
Callback error
Callback error
Callback error
Callback error
Callback error
Callback error
Callback error
Callback error
Callback error
Callback error
Callback error
Callback error
Callback error
Callback error
Callback error
Callback error
Callback error
Callback error
Callback error
Callback error
Callback error
Callback error
Callback error
Callback error
Callback error
Callback error
Callback error
Callback error
Callback error
Callback error
Callback error
Callback error
Callback error
Callback error
Callback error
Callback error
Callback error
Callback error
Callback error
Callback error
Callback error
Callback error
Callback error
Callback error
Callback error
Callback error
Callback error
Callback error
Callback error
Callback error
Callback error
Callback error
Callback error
Callback error
Callback error
Callback error
Callback error
Callback error
Callback error
Callback error
Callback error
Callback error
Callback error
Callback error
Callback error
Callback error
Callback error
Callback error
Callback error
Callback error
Callback error
Callback error
Callback error
Callback error
Callback error
Callback error
Callback error
Callback error
Callback error
Callback error
Callback error
Callback error
Callback error
Callback error
Callback error
Callback error
Callback error
Callback error
Callback error
Callback error
Callback error
Callback error
Callback error
Callback error
Callback error
Callback error
Callback error
Callback error
Callback error
Callback error
Callback error
Callback error
Callback error
Callback error
Callback error
Callback error
Callback error
Callback error
Callback error
Callback error
Callback error
Callback error
Callback error
Callback error
Callback error
Callback error
Callback error
Callback error
Callback error
Callback error
Callback error
Callback error
Callback error
Callback error
Callback error
Callback error
Callback error
Callback error
Callback error
Callback error
Callback error
Callback error
Callback error
Callback error
Callback error
Callback error
Callback error
Callback error
Callback error
Callback error
Callback error
Callback error
Callback error
Callback error
Callback error
Callback error
Callback error
Callback error
Callback error
Callback error
Callback error
Callback error
Callback error
Callback error
Callback error
Callback error
Callback error
Callback error
Callback error
Callback error
Callback error
Callback error
Callback error
Callback error
Callback error
Callback error
Callback error
Callback error
Callback error
Callback error
Callback error
Callback error
Callback error
Callback error
Callback error
Callback error
Callback error
Callback error
Callback error
Callback error
Callback error
Callback error
Callback error
Callback error
Callback error
Callback error
Callback error
Callback error
Callback error
Callback error
Callback error
Callback error
Callback error
Callback error
Callback error
Callback error
Callback error
Callback error
Callback error
Callback error
Callback error
Callback error
Callback error
Callback error
Callback error
Callback error
Callback error
Callback error
Callback error
Callback error
Callback error
Callback error
Callback error
Callback error
Callback error
Callback error
Callback error
Callback error
Callback error
Callback error
Callback error
Callback error
Callback error
Callback error
Callback error
Callback error
Callback error
Callback error
Callback error
Callback error
Callback error
Callback error
Callback error
Callback error
Callback error
Callback error
Callback error
Callback error
Callback error
Callback error
Callback error
Callback error
Callback error
Callback error
Callback error
Callback error
Callback error
Callback error
Callback error
Callback error
Callback error
Callback error
Callback error
Callback error
Callback error
Callback error
Callback error
Callback error
Callback error
Callback error
Callback error
Callback error
Callback error
Callback error
Callback error
Callback error
Callback error
Callback error
Callback error
Callback error
Callback error
Callback error
Callback error
Callback error
Callback error
Callback error
Callback error
Callback error
Callback error
Callback error
Callback error
Callback error
Callback error
Callback error
Callback error
Callback error
Callback error
Callback error
Callback error
Callback error
Callback error
Callback error
Callback error
Callback error
Callback error
Callback error
Callback error
Callback error
Callback error
Callback error
Callback error
Callback error
Callback error
Callback error
Callback error
Callback error
Callback error
Callback error
Callback error
Callback error
Callback error
Callback error
Callback error
Callback error
Callback error
Callback error
Callback error
Callback error
Callback error
Callback error
Callback error
Callback error
Callback error
Callback error
Callback error
Callback error
Callback error
Callback error
Callback error
Callback error
Callback error
Callback error
Callback error
Callback error
Callback error
Callback error
Callback error
Callback error
Callback error
Callback error
Callback error
Callback error
Callback error
Callback error
Callback error
Callback error
Callback error
Callback error
Callback error
Callback error
Callback error
Callback error
Callback error
Callback error
Callback error
Callback error
Callback error
Callback error
Callback error
Callback error
Callback error
Callback error
Callback error
Callback error
Callback error
Callback error
Callback error
Callback error
Callback error
Callback error
Callback error
Callback error
Callback error
Callback error
Callback error
Callback error
Callback error
Callback error
Callback error
Callback error
Callback error
Callback error
Callback error
Callback error
Callback error
Callback error
Callback error
Callback error
Callback error
Callback error
Callback error
Callback error
Callback error
Callback error
Callback error
Callback error
Callback error
Callback error
Callback error
Callback error
Callback error
Callback error
Callback error
Callback error
Callback error
Callback error
Callback error
Callback error
Callback error
Callback error
Callback error
Callback error
Callback error
Callback error
Callback error
Callback error
Callback error
Callback error
Callback error
Callback error
Callback error
Callback error
Callback error
Callback error
Callback error
Callback error
Callback error
Callback error
Callback error
Callback error
Callback error
Callback error
Callback error
Callback error
Callback error
Callback error
Callback error
Callback error
Callback error
Callback error
Callback error
Callback error
Callback error
Callback error
Callback error
Callback error
Callback error
Callback error
Callback error
Callback error
Callback error
Callback error
Callback error
Callback error
Callback error
Callback error
Callback error
Callback error
Callback error
Callback error
Callback error
Callback error
Callback error
Callback error
Callback error
Callback error
Callback error
Callback error
Callback error
Callback error
Callback error
Callback error
Callback error
Callback error
Callback error
Callback error
Callback error
Callback error
Callback error
Callback error
Callback error
Callback error
Callback error
Callback error
Callback error
Callback error
Callback error
Callback error
Callback error
Callback error
Callback error
Callback error
Callback error
Callback error
Callback error
Callback error
Callback error
Callback error
Callback error
Callback error
Callback error
Callback error
Callback error
Callback error
Callback error
Callback error
Callback error
Callback error
Callback error
Callback error
Callback error
Callback error
Callback error
Callback error
Callback error
Callback error
Callback error
Callback error
Callback error
Callback error
Callback error
Callback error
Callback error
Callback error
Callback error
Callback error
Callback error
Callback error
Callback error
Callback error
Callback error
Callback error
Callback error
Callback error
Callback error
Callback error
Callback error
Callback error
Callback error
Callback error
Callback error
Callback error
Callback error
Callback error
Callback error
Callback error
Callback error
Callback error
Callback error
Callback error
Callback error
Callback error
Callback error
Callback error
Callback error
Callback error
Callback error
Callback error
Callback error
Callback error
Callback error
Callback error
Callback error
Callback error
Callback error
Callback error
Callback error
Callback error
Callback error
Callback error
Callback error
Callback error
Callback error
Callback error
Callback error
Callback error
Callback error
Callback error
Callback error
Callback error
Callback error
Callback error
Callback error
Callback error
Callback error
Callback error
Callback error
Callback error
Callback error
Callback error
Callback error
Callback error
Callback error
Callback error
Callback error
Callback error
Callback error
Callback error
Callback error
Callback error
Callback error
Callback error
Callback error
Callback error
Callback error
Callback error
Callback error
Callback error
Callback error
Callback error
Callback error
Callback error
Callback error
Callback error
Callback error
Callback error
Callback error
Callback error
Callback error
Callback error
Callback error
Callback error
Callback error
Callback error
Callback error
Callback error
Callback error
Callback error
Callback error
Callback error
Callback error
Callback error
Callback error
Callback error
Callback error
Callback error
Callback error
Callback error
Callback error
Callback error
Callback error
Callback error
Callback error
Callback error
Callback error
Callback error
Callback error
Callback error
Callback error
Callback error
Callback error
Callback error
Callback error
Callback error
Callback error
Callback error
Callback error
Callback error
Callback error
Callback error
Callback error
Callback error
Callback error
Callback error
Callback error
Callback error
Callback error
Callback error
Callback error
Callback error
Callback error
Callback error
Callback error
Callback error
Callback error
Callback error
Callback error
Callback error
Callback error
Callback error
Callback error
Callback error
Callback error
Callback error
Callback error
Callback error
Callback error
Callback error
Callback error
Callback error
Callback error
Callback error
Callback error
Callback error
Callback error
Callback error
Callback error
Callback error
Callback error
Callback error
Callback error
Callback error
Callback error
Callback error
Callback error
Callback error
Callback error
Callback error
Callback error
Callback error
Callback error
Callback error
Callback error
Callback error
Callback error
Callback error
Callback error
Callback error
Callback error
Callback error
Callback error
Callback error
Callback error
Callback error
Callback error
Callback error
Callback error
Callback error
Callback error
Callback error
Callback error
Callback error
Callback error
Callback error
Callback error
Callback error
Callback error
Callback error
Callback error
Callback error
Callback error
Callback error
Callback error
Callback error
Callback error
Callback error
Callback error
Callback error
Callback error
Callback error
Callback error
Callback error
Callback error
Callback error
Callback error
Callback error
Callback error
Callback error
Callback error
Callback error
Callback error
Callback error
Callback error
Callback error
Callback error
Callback error
Callback error
Callback error
Callback error
Callback error
Callback error
Callback error
Callback error
Callback error
Callback error
Callback error
Callback error
Callback error
Callback error
Callback error
Callback error
Callback error
Callback error
Callback error
Callback error
Callback error
Callback error
Callback error
Callback error
Callback error
Callback error
Callback error
Callback error
Callback error
Callback error
Callback error
Callback error
Callback error
Callback error
Callback error
Callback error
Callback error
Callback error
Callback error
Callback error
Callback error
Callback error
Callback error
Callback error
Callback error
Callback error
Callback error
Callback error
Callback error
Callback error
Callback error
Callback error
Callback error
Callback error
Callback error
Callback error
Callback error
Callback error
Callback error
Callback error
Callback error
Callback error
Callback error
Callback error
Callback error
Callback error
Callback error
Callback error
Callback error
Callback error
Callback error
Callback error
Callback error
Callback error
Callback error
Callback error
Callback error
Callback error
Callback error
Callback error
Callback error
Callback error
Callback error
Callback error
Callback error
Callback error
Callback error
Callback error
Callback error
Callback error
Callback error
Callback error
Callback error
Callback error
Callback error
Callback error
Callback error
Callback error
Callback error
Callback error
Callback error
Callback error
Callback error
Callback error
Callback error
Callback error
Callback error
Callback error
Callback error
Callback error
Callback error
Callback error
Callback error
Callback error
Callback error
Callback error
Callback error
Callback error
Callback error
Callback error
Callback error
Callback error
Callback error
Callback error
Callback error
Callback error
Callback error
Callback error
Callback error
Callback error
Callback error
Callback error
Callback error
Callback error
Callback error
Callback error
Callback error
Callback error
Callback error
Callback error
Callback error
Callback error
Callback error
Callback error
Callback error
Callback error
Callback error
Callback error
Callback error
Callback error
Callback error
Callback error
Callback error
Callback error
Callback error
Callback error
Callback error
Callback error
Callback error
Callback error
Callback error
Callback error
Callback error
Callback error
Callback error
Callback error
Callback error
Callback error
Callback error
Callback error
Callback error
Callback error
Callback error
Callback error
Callback error
Callback error
Callback error
Callback error
Callback error
Callback error
Callback error
Callback error
Callback error
Callback error
Callback error
Callback error
Callback error
Callback error
Callback error
Callback error
Callback error
Callback error
Callback error
Callback error
Callback error
Callback error
Callback error
Callback error
Callback error
Callback error
Callback error
Callback error
Callback error
Callback error
Callback error
Callback error
Callback error
Callback error
Callback error
Callback error
Callback error
Callback error
Callback error
Callback error
Callback error
Callback error
Callback error
Callback error
Callback error
Callback error
Callback error
Callback error
Callback error
Callback error
Callback error
Callback error
Callback error
Callback error
Callback error
Callback error
Callback error
Callback error
Callback error
Callback error
Callback error
Callback error
Callback error
Callback error
Callback error
Callback error
Callback error
Callback error
Callback error
Callback error
Callback error
Callback error
Callback error
Callback error
Callback error
Callback error
Callback error
Callback error
Callback error
Callback error
Callback error
Callback error
Callback error
Callback error
Callback error
Callback error
Callback error
Callback error
Callback error
Callback error
Callback error
Callback error
Callback error
Callback error
Callback error
Callback error
Callback error
Callback error
Callback error
Callback error
Callback error
Callback error
Callback error
Callback error
Callback error
Callback error
Callback error
Callback error
Callback error
Callback error
Callback error
Callback error
Callback error
Callback error
Callback error
Callback error
Callback error
Callback error
Callback error
Callback error
Callback error
Callback error
Callback error
Callback error
Callback error
Callback error
Callback error
Callback error
Callback error
Callback error
Callback error
Callback error
Callback error
Callback error
Callback error
Callback error
Callback error
Callback error
Callback error
Callback error
Callback error
Callback error
Callback error
Callback error
Callback error
Callback error
Callback error
Callback error
Callback error
Callback error
Callback error
Callback error
Callback error
Callback error
Callback error
Callback error
Callback error
Callback error
Callback error
Callback error
Callback error
Callback error
Callback error
Callback error
Callback error
Callback error
Callback error
Callback error
Callback error
Callback error
Callback error
Callback error
Callback error
Callback error
Callback error
Callback error
Callback error
Callback error
Callback error
Callback error
Callback error
Callback error
Callback error
Callback error
Callback error
Callback error
Callback error
Callback error
Callback error
Callback error
Callback error
Callback error
Callback error
Callback error
Callback error
Callback error
Callback error
Callback error
Callback error
Callback error
Callback error
Callback error
Callback error
Callback error
Callback error
Callback error
Callback error
Callback error
Callback error
Callback error
Callback error
Callback error
Callback error
Callback error
Callback error
Callback error
Callback error
Callback error
Callback error
Callback error
Callback error
Callback error
Callback error
Callback error
Callback error
Callback error
Callback error
Callback error
Callback error
Callback error
Callback error
Callback error
Callback error
Callback error
Callback error
Callback error
Callback error
Callback error
Callback error
Callback error
Callback error
Callback error
Callback error
Callback error
Callback error
Callback error
Callback error
Callback error
Callback error
Callback error
Callback error
Callback error
Callback error
Callback error
Callback error
Callback error
Callback error
Callback error
Callback error
Callback error
Callback error
Callback error
Callback error
Callback error
Callback error
Callback error
Callback error
Callback error
Callback error
Callback error
Callback error
Callback error
Callback error
Callback error
Callback error
Callback error
Callback error
Callback error
Callback error
Callback error
Callback error
Callback error
Callback error
Callback error
Callback error
Callback error
Callback error
Callback error
Callback error
Callback error
Callback error
Callback error
Callback error
Callback error
Callback error
Callback error
Callback error
Callback error
Callback error
Callback error
Callback error
Callback error
Callback error
Callback error
Callback error
Callback error
Callback error
Callback error
Callback error
Callback error
Callback error
Callback error
Callback error
Callback error
Callback error
Callback error
Callback error
Callback error
Callback error
Callback error
Callback error
Callback error
Callback error
Callback error
Callback error
Callback error
Callback error
Callback error
Callback error
Callback error
Callback error
Callback error
Callback error
Callback error
Callback error
Callback error
Callback error
Callback error
Callback error
Callback error
Callback error
Callback error
Callback error
Callback error
Callback error
Callback error
Callback error
Callback error
Callback error
Callback error
Callback error
Callback error
Callback error
Callback error
Callback error
Callback error
Callback error
Callback error
Callback error
Callback error
Callback error
Callback error
Callback error
Callback error
Callback error
Callback error
Callback error
Callback error
Callback error
Callback error
Callback error
Callback error
Callback error
Callback error
Callback error
Callback error
Callback error
Callback error
Callback error
Callback error
Callback error
Callback error
Callback error
Callback error
Callback error
Callback error
Callback error
Callback error
Callback error
Callback error
Callback error
Callback error
Callback error
Callback error
Callback error
Callback error
Callback error
Callback error
Callback error
Callback error
Callback error
Callback error
Callback error
Callback error
Callback error
Callback error
Callback error
Callback error
Callback error
Callback error
Callback error
Callback error
Callback error
Callback error
Callback error
Callback error
Callback error
Callback error
Callback error
Callback error
Callback error
Callback error
Callback error
Callback error
Callback error
Callback error
Callback error
Callback error
Callback error
Callback error
Callback error
Callback error
Callback error
Callback error
Callback error
Callback error
Callback error
Callback error
Callback error
Callback error
Callback error
Callback error
Callback error
Callback error
Callback error
Callback error
Callback error
Callback error
Callback error
Callback error
Callback error
Callback error
Callback error
Callback error
Callback error
Callback error
Callback error
Callback error
Callback error
Callback error
Callback error
Callback error
Callback error
Callback error
Callback error
Callback error
Callback error
Callback error
Callback error
Callback error
Callback error
Callback error
Callback error
Callback error
Callback error
Callback error
Callback error
Callback error
Callback error
Callback error
Callback error
Callback error
Callback error
Callback error
Callback error
Callback error
Callback error
Callback error
Callback error
Callback error
Callback error
Callback error
Callback error
Callback error
Callback error
Callback error
Callback error
Callback error
Callback error
Callback error
Callback error
Callback error
Callback error
Callback error
Callback error
Callback error
Callback error
Callback error
Callback error
Callback error
Callback error
Callback error
Callback error
Callback error
Callback error
Callback error
Callback error
Callback error
Callback error
Callback error
Callback error
Callback error
Callback error
Callback error
Callback error
Callback error
Callback error
Callback error
Callback error
Callback error
Callback error
Callback error
Callback error
Callback error
Callback error
Callback error
Callback error
Callback error
Callback error
Callback error
Callback error
Callback error
Callback error
Callback error
Callback error
Callback error
Callback error
Callback error
Callback error
Callback error
Callback error
Callback error
Callback error
Callback error
Callback error
Callback error
Callback error
Callback error
Callback error
Callback error
Callback error
Callback error
Callback error
Callback error
Callback error
Callback error
Callback error
Callback error
Callback error
Callback error
Callback error
Callback error
Callback error
Callback error
Callback error
Callback error
Callback error
Callback error
Callback error
Callback error
Callback error
Callback error
Callback error
Callback error
Callback error
Callback error
Callback error
Callback error
Callback error
Callback error
Callback error
Callback error
Callback error
Callback error
Callback error
Callback error
Callback error
Callback error
Callback error
Callback error
Callback error
Callback error
Callback error
Callback error
Callback error
Callback error
Callback error
Callback error
Callback error
Callback error
Callback error
Callback error
Callback error
Callback error
Callback error
Callback error
Callback error
Callback error
Callback error
Callback error
Callback error
Callback error
Callback error
Callback error
Callback error
Callback error
Callback error
Callback error
Callback error
Callback error
Callback error
Callback error
Callback error
Callback error
Callback error
Callback error
Callback error
Callback error
Callback error
Callback error
Callback error
Callback error
Callback error
Callback error
Callback error
Callback error
Callback error
Callback error
Callback error
Callback error
Callback error
Callback error
Callback error
Callback error
Callback error
Callback error
Callback error
Callback error
Callback error
Callback error
Callback error
Callback error
Callback error
Callback error
Callback error
Callback error
Callback error
Callback error
Callback error
Callback error
Callback error
Callback error
Callback error
Callback error
Callback error
Callback error
Callback error
Callback error
Callback error
Callback error
Callback error
Callback error
Callback error
Callback error
Callback error
Callback error
Callback error
Callback error
Callback error
Callback error
Callback error
Callback error
Callback error
Callback error
Callback error
Callback error
Callback error
Callback error
Callback error
Callback error
Callback error
Callback error
Callback error
Callback error
Callback error
Callback error
Callback error
Callback error
Callback error
Callback error
Callback error
Callback error
Callback error
Callback error
Callback error
Callback error
Callback error
Callback error
Callback error
Callback error
Callback error
Callback error
Callback error
Callback error
Callback error
Callback error
Callback error
Callback error
Callback error
Callback error
Callback error
Callback error
Callback error
Callback error
Callback error
Callback error
Callback error
Callback error
Callback error
Callback error
Callback error
Callback error
Callback error
Callback error
Callback error
Callback error
Callback error
Callback error
Callback error
Callback error
Callback error
Callback error
Callback error
Callback error
Callback error
Callback error
Callback error
Callback error
Callback error
Callback error
Callback error
Callback error
Callback error
Callback error
Callback error
Callback error
Callback error
Callback error
Callback error
Callback error
Callback error
Callback error
Callback error
Callback error
Callback error
Callback error
Callback error
Callback error
Callback error
Callback error
Callback error
Callback error
Callback error
Callback error
Callback error
Callback error
Callback error
Callback error
Callback error
Callback error
Callback error
Callback error
Callback error
Callback error
Callback error
Callback error
Callback error
Callback error
Callback error
Callback error
Callback error
Callback error
Callback error
Callback error
Callback error
Callback error
Callback error
Callback error
Callback error
Callback error
Callback error
Callback error
Callback error
Callback error
Callback error
Callback error
Callback error
Callback error
Callback error
Callback error
Callback error
Callback error
Callback error
Callback error
Callback error
Callback error
Callback error
Callback error
Callback error
Callback error
Callback error
Callback error
Callback error
Callback error
Callback error
Callback error
Callback error
Callback error
Callback error
Callback error
Callback error
Callback error
Callback error
Callback error
Callback error
Callback error
Callback error
Callback error
Callback error
Callback error
Callback error
Callback error
Callback error
Callback error
Callback error
Callback error
Callback error
Callback error
Callback error
Callback error
Callback error
Callback error
Callback error
Callback error
Callback error
Callback error
Callback error
Callback error
Callback error
Callback error
Callback error
Callback error
Callback error
Callback error
Callback error
Callback error
Callback error
Callback error
Callback error
Callback error
Callback error
Callback error
Callback error
Callback error
Callback error
Callback error
Callback error
Callback error
Callback error
Callback error
Callback error
Callback error
Callback error
Callback error
Callback error
Callback error
Callback error
Callback error
Callback error
Callback error
Callback error
Callback error
Callback error
Callback error
Callback error
Callback error
Callback error
Callback error
Callback error
Callback error
Callback error
Callback error
Callback error
Callback error
Callback error
Callback error
Callback error
Callback error
Callback error
Callback error
Callback error
Callback error
Callback error
Callback error
Callback error
Callback error
Callback error
Callback error
Callback error
Callback error
Callback error
Callback error
Callback error
Callback error
Callback error
Callback error
Callback error
Callback error
Callback error
Callback error
Callback error
Callback error
Callback error
Callback error
Callback error
Callback error
Callback error
Callback error
Callback error
Callback error
Callback error
Callback error
Callback error
Callback error
Callback error
Callback error
Callback error
Callback error
Callback error
Callback error
Callback error
Callback error
Callback error
Callback error
Callback error
Callback error
Callback error
Callback error
Callback error
Callback error
Callback error
Callback error
Callback error
Callback error
Callback error
Callback error
Callback error
Callback error
Callback error
Callback error
Callback error
Callback error
Callback error
Callback error
Callback error
Callback error
Callback error
Callback error
Callback error
Callback error
Callback error
Callback error
Callback error
Callback error
Callback error
Callback error
Callback error
Callback error
Callback error
Callback error
Callback error
Callback error
Callback error
Callback error
Callback error
Callback error
Callback error
Callback error
Callback error
Callback error
Callback error
Callback error
Callback error
Callback error
Callback error
Callback error
Callback error
Callback error
Callback error
Callback error
Callback error
Callback error
Callback error
Callback error
Callback error
Callback error
Callback error
Callback error
Callback error
Callback error
Callback error
Callback error
Callback error
Callback error
Callback error
Callback error
Callback error
Callback error
Callback error
Callback error
Callback error
Callback error
Callback error
Callback error
Callback error
Callback error
Callback error
Callback error
Callback error
Callback error
Callback error
Callback error
Callback error
Callback error
Callback error
Callback error
Callback error
Callback error
Callback error
Callback error
Callback error
Callback error
Callback error
Callback error
Callback error
Callback error
Callback error
Callback error
Callback error
Callback error
Callback error
Callback error
Callback error
Callback error
Callback error
Callback error
Callback error
Callback error
Callback error
Callback error
Callback error
Callback error
Callback error
Callback error
Callback error
Callback error
Callback error
Callback error
Callback error
Callback error
Callback error
Callback error
Callback error
Callback error
Callback error
Callback error
Callback error
Callback error
Callback error
Callback error
Callback error
Callback error
Callback error
Callback error
Callback error
Callback error
Callback error
Callback error
Callback error
Callback error
Callback error
Callback error
Callback error
Callback error
Callback error
Callback error
Callback error
Callback error
Callback error
Callback error
Callback error
Callback error
Callback error
Callback error
Callback error
Callback error
Callback error
Callback error
Callback error
Callback error
Callback error
Callback error
Callback error
Callback error
Callback error
Callback error
Callback error
Callback error
Callback error
Callback error
Callback error
Callback error
Callback error
Callback error
Callback error
Callback error
Callback error
Callback error
Callback error
Callback error
Callback error
Callback error
Callback error
Callback error
Callback error
Callback error
Callback error
Callback error
Callback error
Callback error
Callback error
Callback error
Callback error
Callback error
Callback error
Callback error
Callback error
Callback error
Callback error
Callback error
Callback error
Callback error
Callback error
Callback error
Callback error
Callback error
Callback error
Callback error
Callback error
Callback error
Callback error
Callback error
Callback error
Callback error
Callback error
Callback error
Callback error
Callback error
Callback error
Callback error
Callback error
Callback error
Callback error
Callback error
Callback error
Callback error
Callback error
Callback error
Callback error
Callback error
Callback error
Callback error
Callback error
Callback error
Callback error
Callback error
Callback error
Callback error
Callback error
Callback error
Callback error
Callback error
Callback error
Callback error
Callback error
Callback error
Callback error
Callback error
Callback error
Callback error
Callback error
Callback error
Callback error
Callback error
Callback error
Callback error
Callback error
Callback error
Callback error
Callback error
Callback error
Callback error
Callback error
Callback error
Callback error
Callback error
Callback error
Callback error
Callback error
Callback error
Callback error
Callback error
Callback error
Callback error
Win32Window::WindowProc - resetting device due to window size change.
GFXPCD3D9Device::reset - depthstencil 7fe1520 has 2 ref's
--- Resetting D3D Device ---
*** ENDING MISSION
CDROP: 4027 
Exporting server prefs...
Exporting client prefs
Exporting server prefs
Cur. D3DDevice ref count=1
