//-------------------------- 3/13/2013 -- 09:58:15 -----
Processor Init:
   Intel Pentium III Xeon, ~3.31 Ghz
   FPU detected
   MMX detected
   SSE detected
   SSE2 detected
   MP detected [4 cores, 4 logical, 1 physical]
 
Math Init:
   Installing Standard C extensions
   Installing Assembly extensions
   Installing FPU extensions
   Installing MMX extensions
   Installing SSE extensions
 
Initializing platform...
Input Init:
   keyboard0 input device created.
   mouse0 input device created.
   DirectInput enabled.

Done
SFXALProvider - OpenAL not available.
GFX Init:
   Direct 3D (version 9.x) device found
   Direct 3D (version 9.x) device found
   Null device found

DebugDrawer Enabled!
--------- Loading DIRS ---------

--------- Parsing Arguments ---------
Binding server port to default IP
UDP initialized on port 0
Attempting to create GFX device: NVIDIA GeForce GTX 550 Ti (D3D9)
Device created, setting adapter and enumerating modes
   Cur. D3DDevice ref count=1
   Pix version detected: 3.000000
   Vert version detected: 3.000000
   Maximum number of simultaneous samplers: 16
   Number of simultaneous render targets: 4
   Hardware occlusion query detected: Yes
   Using Direct3D9Ex: No
WMIVideoInfo: DxDiag initialized
Initializing GFXCardProfiler (D3D9)
   o Chipset : 'GeForce GTX 550 Ti'
   o Card    : 'GeForce GTX 550 Ti'
   o Version : '9.18.0013.0697'
   - Scanning card capabilities...
GFXCardProfiler (D3D9) - Setting capability 'autoMipMapLevel' to 1.
GFXCardProfiler (D3D9) - Setting capability 'maxTextureWidth' to 8192.
GFXCardProfiler (D3D9) - Setting capability 'maxTextureHeight' to 8192.
GFXCardProfiler (D3D9) - Setting capability 'maxTextureSize' to 8192.
GFXCardProfiler (D3D9) - Setting capability 'lerpDetailBlend' to 1.
GFXCardProfiler (D3D9) - Setting capability 'fourStageDetailBlend' to 1.
   - Loading card profiles...
      - Loaded card profile core/profile/D3D9.cs
      - No card profile core/profile/D3D9.GeForceGTX550Ti.cs exists
      - No card profile core/profile/D3D9.GeForceGTX550Ti.GeForceGTX550Ti.cs exists
      - No card profile core/profile/D3D9.GeForceGTX550Ti.GeForceGTX550Ti.91800130697.cs exists
% - PostFX Manager - Executing core/scripts/client/postFx/default.postfxpreset.cs
% - PostFX Manager - Applying from preset
% - PostFX Manager - PostFX enabled
Missing file: core/art/gui/customProfiles.cs!
 % - Initialized Core

--------- Initializing Directory: scripts ---------
sfxStartup...
SFXSystem::createDevice - created DirectSound device 'Digital Audio (S/PDIF) (High Definition Audio Device)'
SFXDSDevice::setDistanceModel - 'linear' distance attenuation not supported by DirectSound
   Provider: DirectSound
   Device: Digital Audio (S/PDIF) (High Definition Audio Device)
   Hardware: No
   Buffers: 16

--------- Initializing IPS Pro: Server Scripts ---------

--------- Initializing IPS Pro: Client Scripts ---------

--------- Initializing Lighting Systems ---------
Using Advanced Lighting


--------------
Attempting to set resolution to "1024 768 false 32 60 4"
Accepted Mode: 
--Resolution : 1024 768
--Full Screen : No
--Bits Per Pixel : 32
--Refresh Rate : 60
--FSAA Level : 4
--------------
GFXPCD3D9Device::reset - depthstencil 33a8a60 has 2 ref's
--- Resetting D3D Device ---
GFXPCD3D9Device::reset - depthstencil 33a8880 has 2 ref's
--- Resetting D3D Device ---
Binding server port to default IP
UDP initialized on port 0
 % - Initializing Tools
 % - Initializing Tools Base
 % - Initializing Base Editor
 % - Initializing World Editor
 % - Initializing Sketch Tool
 - Initializing Datablock Editor
 % - Initializing Debugger
 % - Initializing Decal Editor
 % - Initializing Forest Editor
 % - Initializing Gui Editor
 % - Initializing Material Editor
 % - Initializing Mesh Road Editor
 % - Initializing Mission Area Editor
 % - Initializing Particle Editor
 % - Initializing Physics Tools
No physics plugin exists.
 % - Initializing River Editor
 - Initializing Road and Path Editor
 % - Initializing Shape Editor
Engine initialized...
AntiAliasing has been disabled; it is not compatible with AdvancedLighting.
Window focus status changed: focus: 1
Exporting server prefs...
ParticleEmitterData(g_burnerEmitter) unable to find particle datablock: backburnerParticles
ParticleEmitterData(g_burnerEmitter) unable to find any particle datablocks
art/datablocks/../ParticleSystem/graphExamples.cs (65): Register object failed for object g_burnerEmitter of class GraphEmitterData.
ParticleEmitterData(g_attrEmitter) unable to find particle datablock: attrParticles
ParticleEmitterData(g_attrEmitter) unable to find any particle datablocks
art/datablocks/../ParticleSystem/graphExamples.cs (71): Register object failed for object g_attrEmitter of class GraphEmitterData.
scripts/server/spells/roguePack.cs (0): Unable to find parent object DemoPlayer for PlayerData.
*** LOADING MISSION: levels/Empty Room.mis
*** Stage 1 load
*** Stage 2 load
[MaterialList::mapMaterials] Unable to find material for texture: OrganicA1
[MaterialList::mapMaterials] Unable to find material for texture: StoneA1
*** Mission loaded
Connect request from: IP:0.0.0.0:0
Connection established 4042
CADD: 4043 local
*** Sending mission load to client: levels/Empty Room.mis
Mapping string: ServerMessage to index: 0
Mapping string: MsgConnectionError to index: 1
onServerMessage: 
Mapping string: MsgLoadInfo to index: 2
onServerMessage: 
Mapping string: MsgLoadDescripition to index: 3
onServerMessage: 
Mapping string: MsgLoadInfoDone to index: 4
onServerMessage: 
Mapping string: MsgClientJoin to index: 5
Mapping string: Welcome to a Torque application %1. to index: 6
Mapping string: Visitor to index: 7
onServerMessage: 
  +- a: Welcome to a Torque application Visitor.
Mapping string: MissionStartPhase1 to index: 8
*** New Mission: levels/Empty Room.mis
*** Phase 1: Download Datablocks & Targets
% - PostFX Manager - Executing core/scripts/client/postFx/default.postfxpreset.cs
% - PostFX Manager - Applying from preset
% - PostFX Manager - PostFX enabled
Mapping string: MissionStartPhase1Ack to index: 0
[MaterialList::mapMaterials] Unable to find material for texture: crossbow
Mapping string: MissionStartPhase2 to index: 9
*** Phase 2: Download Ghost Objects
Mapping string: MissionStartPhase2Ack to index: 1
[Material::mapMaterial] - Cannot map unnamed Material
[Material::mapMaterial] - Cannot map unnamed Material
Ghost Always objects received.
Mapping string: MissionStartPhase3 to index: 10
Client Replication Startup has Happened!
fxFoliageReplicator - replicated client foliage for 0 objects
*** Phase 3: Mission Lighting
Mission lighting done
Mapping string: MissionStartPhase3Ack to index: 2
Unable to spawn an object without a spawnClass
Mapping string: MissionStart to index: 11
*** Initial Control Object
Activating DirectInput...
*** Control Object Changed
Missing file: art/forest/brushes.cs!
Win32Window::WindowProc - resetting device due to window size change.
GFXPCD3D9Device::reset - depthstencil 33a7c00 has 2 ref's
--- Resetting D3D Device ---
